#
# There is insufficient memory for the Java Runtime Environment to continue.
# Native memory allocation (mmap) failed to map 27262976 bytes for G1 virtual space
# Possible reasons:
#   The system is out of physical RAM or swap space
#   The process is running with CompressedOops enabled, and the Java Heap may be blocking the growth of the native heap
# Possible solutions:
#   Reduce memory load on the system
#   Increase physical memory or swap space
#   Check if swap backing store is full
#   Decrease Java heap size (-Xmx/-Xms)
#   Decrease number of Java threads
#   Decrease Java thread stack sizes (-Xss)
#   Set larger code cache with -XX:ReservedCodeCacheSize=
#   JVM is running with Unscaled Compressed Oops mode in which the Java heap is
#     placed in the first 4GB address space. The Java Heap base address is the
#     maximum limit for the native heap growth. Please use -XX:HeapBaseMinAddress
#     to set the Java Heap base and to place the Java Heap above 4GB virtual address.
# This output file may be truncated or incomplete.
#
#  Out of Memory Error (os_windows.cpp:3550), pid=24008, tid=13424
#
# JRE version: Java(TM) SE Runtime Environment (17.0.7+8) (build 17.0.7+8-LTS-224)
# Java VM: Java HotSpot(TM) 64-Bit Server VM (17.0.7+8-LTS-224, mixed mode, sharing, tiered, compressed oops, compressed class ptrs, g1 gc, windows-amd64)
# No core dump will be written. Minidumps are not enabled by default on client versions of Windows
#

---------------  S U M M A R Y ------------

Command Line: -javaagent:C:\Program Files\JetBrains\IntelliJ IDEA Community Edition 2022.2.3\lib\idea_rt.jar=57408:C:\Program Files\JetBrains\IntelliJ IDEA Community Edition 2022.2.3\bin -Dfile.encoding=UTF-8 com.takeo.CatalogApi.CatalogApiApplication

Host: Intel(R) Core(TM) i7-10870H CPU @ 2.20GHz, 16 cores, 7G,  Windows 11 , 64 bit Build 22621 (10.0.22621.1928)
Time: Fri Jul 28 12:50:40 2023 Central Daylight Time elapsed time: 6.678007 seconds (0d 0h 0m 6s)

---------------  T H R E A D  ---------------

Current thread (0x000002d72c78d240):  VMThread "VM Thread" [stack: 0x000000ff61000000,0x000000ff61100000] [id=13424]

Stack: [0x000000ff61000000,0x000000ff61100000]
Native frames: (J=compiled Java code, j=interpreted, Vv=VM code, C=native code)
V  [jvm.dll+0x676a4a]
V  [jvm.dll+0x7d74f4]
V  [jvm.dll+0x7d8c9e]
V  [jvm.dll+0x7d9303]
V  [jvm.dll+0x2452c5]
V  [jvm.dll+0x6738f9]
V  [jvm.dll+0x668232]
V  [jvm.dll+0x302826]
V  [jvm.dll+0x309da6]
V  [jvm.dll+0x35952e]
V  [jvm.dll+0x35975f]
V  [jvm.dll+0x2d9a38]
V  [jvm.dll+0x2d7e45]
V  [jvm.dll+0x2d744c]
V  [jvm.dll+0x31ab1b]
V  [jvm.dll+0x7ddb0b]
V  [jvm.dll+0x7de844]
V  [jvm.dll+0x7ded5d]
V  [jvm.dll+0x7df134]
V  [jvm.dll+0x7df200]
V  [jvm.dll+0x78759a]
V  [jvm.dll+0x675875]
C  [ucrtbase.dll+0x29363]
C  [KERNEL32.DLL+0x126ad]
C  [ntdll.dll+0x5aa68]

VM_Operation (0x000000ff60afaef0): G1CollectForAllocation, mode: safepoint, requested by thread 0x000002d70e114550


---------------  P R O C E S S  ---------------

Threads class SMR info:
_java_thread_list=0x000002d72d9e0630, length=24, elements={
0x000002d70e114550, 0x000002d72c790cd0, 0x000002d72c791880, 0x000002d72c7a29d0,
0x000002d72c7a5590, 0x000002d72c7a9970, 0x000002d72c7ab140, 0x000002d72c7b4640,
0x000002d72c7b85e0, 0x000002d72c7c3ef0, 0x000002d72c77c200, 0x000002d72d8e7cb0,
0x000002d72d8f3c70, 0x000002d72d8fde80, 0x000002d72dcc7b30, 0x000002d72dcc9010,
0x000002d72e795030, 0x000002d730c65a80, 0x000002d7305da090, 0x000002d731ab4ab0,
0x000002d731ab4f80, 0x000002d730568eb0, 0x000002d730569380, 0x000002d72ead2f20
}

Java Threads: ( => current thread )
  0x000002d70e114550 JavaThread "main" [_thread_blocked, id=22480, stack(0x000000ff60a00000,0x000000ff60b00000)]
  0x000002d72c790cd0 JavaThread "Reference Handler" daemon [_thread_blocked, id=34428, stack(0x000000ff61100000,0x000000ff61200000)]
  0x000002d72c791880 JavaThread "Finalizer" daemon [_thread_blocked, id=21544, stack(0x000000ff61200000,0x000000ff61300000)]
  0x000002d72c7a29d0 JavaThread "Signal Dispatcher" daemon [_thread_blocked, id=6940, stack(0x000000ff61300000,0x000000ff61400000)]
  0x000002d72c7a5590 JavaThread "Attach Listener" daemon [_thread_blocked, id=33976, stack(0x000000ff61400000,0x000000ff61500000)]
  0x000002d72c7a9970 JavaThread "Service Thread" daemon [_thread_blocked, id=15780, stack(0x000000ff61500000,0x000000ff61600000)]
  0x000002d72c7ab140 JavaThread "Monitor Deflation Thread" daemon [_thread_blocked, id=31824, stack(0x000000ff61600000,0x000000ff61700000)]
  0x000002d72c7b4640 JavaThread "C2 CompilerThread0" daemon [_thread_blocked, id=9912, stack(0x000000ff61700000,0x000000ff61800000)]
  0x000002d72c7b85e0 JavaThread "C1 CompilerThread0" daemon [_thread_blocked, id=31004, stack(0x000000ff61800000,0x000000ff61900000)]
  0x000002d72c7c3ef0 JavaThread "Sweeper thread" daemon [_thread_blocked, id=27732, stack(0x000000ff61900000,0x000000ff61a00000)]
  0x000002d72c77c200 JavaThread "Common-Cleaner" daemon [_thread_blocked, id=23320, stack(0x000000ff61a00000,0x000000ff61b00000)]
  0x000002d72d8e7cb0 JavaThread "C1 CompilerThread1" daemon [_thread_blocked, id=40460, stack(0x000000ff61b00000,0x000000ff61c00000)]
  0x000002d72d8f3c70 JavaThread "C1 CompilerThread2" daemon [_thread_blocked, id=39356, stack(0x000000ff61c00000,0x000000ff61d00000)]
  0x000002d72d8fde80 JavaThread "C2 CompilerThread1" daemon [_thread_blocked, id=18688, stack(0x000000ff61d00000,0x000000ff61e00000)]
  0x000002d72dcc7b30 JavaThread "Monitor Ctrl-Break" daemon [_thread_in_native, id=38988, stack(0x000000ff61e00000,0x000000ff61f00000)]
  0x000002d72dcc9010 JavaThread "Notification Thread" daemon [_thread_blocked, id=34656, stack(0x000000ff61f00000,0x000000ff62000000)]
  0x000002d72e795030 JavaThread "C1 CompilerThread3" daemon [_thread_blocked, id=34120, stack(0x000000ff62700000,0x000000ff62800000)]
  0x000002d730c65a80 JavaThread "Catalina-utility-1" [_thread_blocked, id=17444, stack(0x000000ff63000000,0x000000ff63100000)]
  0x000002d7305da090 JavaThread "Catalina-utility-2" [_thread_blocked, id=21288, stack(0x000000ff63100000,0x000000ff63200000)]
  0x000002d731ab4ab0 JavaThread "container-0" [_thread_blocked, id=31008, stack(0x000000ff63200000,0x000000ff63300000)]
  0x000002d731ab4f80 JavaThread "mysql-cj-abandoned-connection-cleanup" daemon [_thread_blocked, id=36828, stack(0x000000ff63300000,0x000000ff63400000)]
  0x000002d730568eb0 JavaThread "HikariPool-1 housekeeper" daemon [_thread_blocked, id=7228, stack(0x000000ff63500000,0x000000ff63600000)]
  0x000002d730569380 JavaThread "HikariPool-1 connection adder" daemon [_thread_blocked, id=21600, stack(0x000000ff63600000,0x000000ff63700000)]
  0x000002d72ead2f20 JavaThread "C2 CompilerThread2" daemon [_thread_blocked, id=38260, stack(0x000000ff63700000,0x000000ff63800000)]

Other Threads:
=>0x000002d72c78d240 VMThread "VM Thread" [stack: 0x000000ff61000000,0x000000ff61100000] [id=13424]
  0x000002d72db34c40 WatcherThread [stack: 0x000000ff62000000,0x000000ff62100000] [id=12120]
  0x000002d70e170490 GCTaskThread "GC Thread#0" [stack: 0x000000ff60b00000,0x000000ff60c00000] [id=26448]
  0x000002d72e370140 GCTaskThread "GC Thread#1" [stack: 0x000000ff62100000,0x000000ff62200000] [id=11384]
  0x000002d72e3703f0 GCTaskThread "GC Thread#2" [stack: 0x000000ff62200000,0x000000ff62300000] [id=10356]
  0x000002d72e3706a0 GCTaskThread "GC Thread#3" [stack: 0x000000ff62300000,0x000000ff62400000] [id=40764]
  0x000002d72e36f680 GCTaskThread "GC Thread#4" [stack: 0x000000ff62400000,0x000000ff62500000] [id=9612]
  0x000002d72e36ebc0 GCTaskThread "GC Thread#5" [stack: 0x000000ff62500000,0x000000ff62600000] [id=8212]
  0x000002d72e36ee70 GCTaskThread "GC Thread#6" [stack: 0x000000ff62800000,0x000000ff62900000] [id=11772]
  0x000002d72e36fbe0 GCTaskThread "GC Thread#7" [stack: 0x000000ff62900000,0x000000ff62a00000] [id=8912]
  0x000002d72e36fe90 GCTaskThread "GC Thread#8" [stack: 0x000000ff62a00000,0x000000ff62b00000] [id=19952]
  0x000002d72e36f120 GCTaskThread "GC Thread#9" [stack: 0x000000ff62b00000,0x000000ff62c00000] [id=26904]
  0x000002d72e9a1790 GCTaskThread "GC Thread#10" [stack: 0x000000ff62600000,0x000000ff62700000] [id=21332]
  0x000002d72e9a0f80 GCTaskThread "GC Thread#11" [stack: 0x000000ff62c00000,0x000000ff62d00000] [id=10544]
  0x000002d72e99e730 GCTaskThread "GC Thread#12" [stack: 0x000000ff62d00000,0x000000ff62e00000] [id=18232]
  0x000002d70e180cd0 ConcurrentGCThread "G1 Main Marker" [stack: 0x000000ff60c00000,0x000000ff60d00000] [id=24464]
  0x000002d70e181840 ConcurrentGCThread "G1 Conc#0" [stack: 0x000000ff60d00000,0x000000ff60e00000] [id=17936]
  0x000002d72e9a0a20 ConcurrentGCThread "G1 Conc#1" [stack: 0x000000ff62e00000,0x000000ff62f00000] [id=39868]
  0x000002d72e99ec90 ConcurrentGCThread "G1 Conc#2" [stack: 0x000000ff62f00000,0x000000ff63000000] [id=37956]
  0x000002d70e1dd610 ConcurrentGCThread "G1 Refine#0" [stack: 0x000000ff60e00000,0x000000ff60f00000] [id=39320]
  0x000002d72c648160 ConcurrentGCThread "G1 Service" [stack: 0x000000ff60f00000,0x000000ff61000000] [id=21872]

Threads with active compile tasks:
C2 CompilerThread0     6701 4696       4       jdk.internal.org.objectweb.asm.MethodWriter::computeAllFrames (510 bytes)
C2 CompilerThread1     6701 4686       4       sun.net.www.protocol.jar.Handler::parseURL (173 bytes)
C2 CompilerThread2     6701 4687       4       sun.net.www.protocol.jar.Handler::parseContextSpec (150 bytes)

VM state: at safepoint (normal execution)

VM Mutex/Monitor currently owned by a thread:  ([mutex/lock_event])
[0x000002d70e110460] Threads_lock - owner thread: 0x000002d72c78d240
[0x000002d70e111150] Heap_lock - owner thread: 0x000002d70e114550

Heap address: 0x0000000083800000, size: 1992 MB, Compressed Oops mode: 32-bit

CDS archive(s) mapped at: [0x0000000800000000-0x0000000800bd0000-0x0000000800bd0000), size 12386304, SharedBaseAddress: 0x0000000800000000, ArchiveRelocationMode: 0.
Compressed class space mapped at: 0x0000000800c00000-0x0000000840c00000, reserved size: 1073741824
Narrow klass base: 0x0000000800000000, Narrow klass shift: 0, Narrow klass range: 0x100000000

GC Precious Log:
 CPUs: 16 total, 16 available
 Memory: 7966M
 Large Page Support: Disabled
 NUMA Support: Disabled
 Compressed Oops: Enabled (32-bit)
 Heap Region Size: 1M
 Heap Min Capacity: 8M
 Heap Initial Capacity: 126M
 Heap Max Capacity: 1992M
 Pre-touch: Disabled
 Parallel Workers: 13
 Concurrent Workers: 3
 Concurrent Refinement Workers: 13
 Periodic GC: Disabled

Heap:
 garbage-first heap   total 75776K, used 20281K [0x0000000083800000, 0x0000000100000000)
  region size 1024K, 2 young (2048K), 2 survivors (2048K)
 Metaspace       used 49205K, committed 49664K, reserved 1097728K
  class space    used 6484K, committed 6720K, reserved 1048576K

Heap Regions: E=young(eden), S=young(survivor), O=old, HS=humongous(starts), HC=humongous(continues), CS=collection set, F=free, OA=open archive, CA=closed archive, TAMS=top-at-mark-start (previous, next)
|   0|0x0000000083800000, 0x0000000083900000, 0x0000000083900000|100%|HS|  |TAMS 0x0000000083900000, 0x0000000083800000| Complete 
|   1|0x0000000083900000, 0x0000000083a00000, 0x0000000083a00000|100%| O|  |TAMS 0x0000000083a00000, 0x0000000083900000| Untracked 
|   2|0x0000000083a00000, 0x0000000083b00000, 0x0000000083b00000|100%| O|  |TAMS 0x0000000083b00000, 0x0000000083a00000| Untracked 
|   3|0x0000000083b00000, 0x0000000083c00000, 0x0000000083c00000|100%| O|  |TAMS 0x0000000083c00000, 0x0000000083b00000| Untracked 
|   4|0x0000000083c00000, 0x0000000083d00000, 0x0000000083d00000|100%| O|  |TAMS 0x0000000083d00000, 0x0000000083c00000| Untracked 
|   5|0x0000000083d00000, 0x0000000083e00000, 0x0000000083e00000|100%| O|  |TAMS 0x0000000083e00000, 0x0000000083d00000| Untracked 
|   6|0x0000000083e00000, 0x0000000083f00000, 0x0000000083f00000|100%| O|  |TAMS 0x0000000083e00000, 0x0000000083e00000| Untracked 
|   7|0x0000000083f00000, 0x0000000084000000, 0x0000000084000000|100%| O|  |TAMS 0x0000000084000000, 0x0000000083f00000| Untracked 
|   8|0x0000000084000000, 0x0000000084100000, 0x0000000084100000|100%| O|  |TAMS 0x0000000084100000, 0x0000000084000000| Untracked 
|   9|0x0000000084100000, 0x0000000084200000, 0x0000000084200000|100%| O|  |TAMS 0x0000000084200000, 0x0000000084100000| Untracked 
|  10|0x0000000084200000, 0x0000000084300000, 0x0000000084300000|100%| O|  |TAMS 0x0000000084300000, 0x0000000084200000| Untracked 
|  11|0x0000000084300000, 0x0000000084400000, 0x0000000084400000|100%| O|  |TAMS 0x0000000084400000, 0x0000000084300000| Untracked 
|  12|0x0000000084400000, 0x0000000084500000, 0x0000000084500000|100%| O|  |TAMS 0x0000000084500000, 0x0000000084400000| Untracked 
|  13|0x0000000084500000, 0x0000000084600000, 0x0000000084600000|100%| O|  |TAMS 0x0000000084600000, 0x0000000084500000| Untracked 
|  14|0x0000000084600000, 0x0000000084700000, 0x0000000084700000|100%| O|  |TAMS 0x0000000084700000, 0x0000000084600000| Untracked 
|  15|0x0000000084700000, 0x0000000084800000, 0x0000000084800000|100%| O|  |TAMS 0x0000000084700000, 0x0000000084700000| Untracked 
|  16|0x0000000084800000, 0x0000000084900000, 0x0000000084900000|100%| O|  |TAMS 0x0000000084800000, 0x0000000084800000| Untracked 
|  17|0x0000000084900000, 0x0000000084a00000, 0x0000000084a00000|100%| O|  |TAMS 0x0000000084900000, 0x0000000084900000| Untracked 
|  18|0x0000000084a00000, 0x0000000084aca200, 0x0000000084b00000| 78%| O|  |TAMS 0x0000000084a00000, 0x0000000084a00000| Untracked 
|  19|0x0000000084b00000, 0x0000000084b00000, 0x0000000084c00000|  0%| F|  |TAMS 0x0000000084b00000, 0x0000000084b00000| Untracked 
|  20|0x0000000084c00000, 0x0000000084c00000, 0x0000000084d00000|  0%| F|  |TAMS 0x0000000084c00000, 0x0000000084c00000| Untracked 
|  21|0x0000000084d00000, 0x0000000084d00000, 0x0000000084e00000|  0%| F|  |TAMS 0x0000000084d00000, 0x0000000084d00000| Untracked 
|  22|0x0000000084e00000, 0x0000000084e00000, 0x0000000084f00000|  0%| F|  |TAMS 0x0000000084e00000, 0x0000000084e00000| Untracked 
|  23|0x0000000084f00000, 0x0000000084f00000, 0x0000000085000000|  0%| F|  |TAMS 0x0000000084f00000, 0x0000000084f00000| Untracked 
|  24|0x0000000085000000, 0x0000000085000000, 0x0000000085100000|  0%| F|  |TAMS 0x0000000085000000, 0x0000000085000000| Untracked 
|  25|0x0000000085100000, 0x0000000085100000, 0x0000000085200000|  0%| F|  |TAMS 0x0000000085100000, 0x0000000085100000| Untracked 
|  26|0x0000000085200000, 0x0000000085200000, 0x0000000085300000|  0%| F|  |TAMS 0x0000000085200000, 0x0000000085200000| Untracked 
|  27|0x0000000085300000, 0x00000000853042e0, 0x0000000085400000|  1%| S|CS|TAMS 0x0000000085300000, 0x0000000085300000| Complete 
|  28|0x0000000085400000, 0x0000000085500000, 0x0000000085500000|100%| S|CS|TAMS 0x0000000085400000, 0x0000000085400000| Complete 
|  29|0x0000000085500000, 0x0000000085500000, 0x0000000085600000|  0%| F|  |TAMS 0x0000000085500000, 0x0000000085500000| Untracked 
|  30|0x0000000085600000, 0x0000000085600000, 0x0000000085700000|  0%| F|  |TAMS 0x0000000085600000, 0x0000000085600000| Untracked 
|  31|0x0000000085700000, 0x0000000085700000, 0x0000000085800000|  0%| F|  |TAMS 0x0000000085700000, 0x0000000085700000| Untracked 
|  32|0x0000000085800000, 0x0000000085800000, 0x0000000085900000|  0%| F|  |TAMS 0x0000000085800000, 0x0000000085800000| Untracked 
|  33|0x0000000085900000, 0x0000000085900000, 0x0000000085a00000|  0%| F|  |TAMS 0x0000000085900000, 0x0000000085900000| Untracked 
|  34|0x0000000085a00000, 0x0000000085a00000, 0x0000000085b00000|  0%| F|  |TAMS 0x0000000085a00000, 0x0000000085a00000| Untracked 
|  35|0x0000000085b00000, 0x0000000085b00000, 0x0000000085c00000|  0%| F|  |TAMS 0x0000000085b00000, 0x0000000085b00000| Untracked 
|  36|0x0000000085c00000, 0x0000000085c00000, 0x0000000085d00000|  0%| F|  |TAMS 0x0000000085c00000, 0x0000000085c00000| Untracked 
|  37|0x0000000085d00000, 0x0000000085d00000, 0x0000000085e00000|  0%| F|  |TAMS 0x0000000085d00000, 0x0000000085d00000| Untracked 
|  38|0x0000000085e00000, 0x0000000085e00000, 0x0000000085f00000|  0%| F|  |TAMS 0x0000000085e00000, 0x0000000085e00000| Untracked 
|  39|0x0000000085f00000, 0x0000000085f00000, 0x0000000086000000|  0%| F|  |TAMS 0x0000000085f00000, 0x0000000085f00000| Untracked 
|  40|0x0000000086000000, 0x0000000086000000, 0x0000000086100000|  0%| F|  |TAMS 0x0000000086000000, 0x0000000086000000| Untracked 
|  41|0x0000000086100000, 0x0000000086100000, 0x0000000086200000|  0%| F|  |TAMS 0x0000000086100000, 0x0000000086100000| Untracked 
|  42|0x0000000086200000, 0x0000000086200000, 0x0000000086300000|  0%| F|  |TAMS 0x0000000086200000, 0x0000000086200000| Untracked 
|  43|0x0000000086300000, 0x0000000086300000, 0x0000000086400000|  0%| F|  |TAMS 0x0000000086300000, 0x0000000086300000| Untracked 
|  44|0x0000000086400000, 0x0000000086400000, 0x0000000086500000|  0%| F|  |TAMS 0x0000000086400000, 0x0000000086400000| Untracked 
|  45|0x0000000086500000, 0x0000000086500000, 0x0000000086600000|  0%| F|  |TAMS 0x0000000086500000, 0x0000000086500000| Untracked 
|  46|0x0000000086600000, 0x0000000086600000, 0x0000000086700000|  0%| F|  |TAMS 0x0000000086600000, 0x0000000086600000| Untracked 
|  47|0x0000000086700000, 0x0000000086700000, 0x0000000086800000|  0%| F|  |TAMS 0x0000000086700000, 0x0000000086700000| Untracked 
|  48|0x0000000086800000, 0x0000000086800000, 0x0000000086900000|  0%| F|  |TAMS 0x0000000086800000, 0x0000000086800000| Untracked 
|  49|0x0000000086900000, 0x0000000086900000, 0x0000000086a00000|  0%| F|  |TAMS 0x0000000086900000, 0x0000000086900000| Untracked 
|  50|0x0000000086a00000, 0x0000000086a00000, 0x0000000086b00000|  0%| F|  |TAMS 0x0000000086a00000, 0x0000000086a00000| Untracked 
|  51|0x0000000086b00000, 0x0000000086b00000, 0x0000000086c00000|  0%| F|  |TAMS 0x0000000086b00000, 0x0000000086b00000| Untracked 
|  52|0x0000000086c00000, 0x0000000086c00000, 0x0000000086d00000|  0%| F|  |TAMS 0x0000000086c00000, 0x0000000086c00000| Untracked 
|  53|0x0000000086d00000, 0x0000000086d00000, 0x0000000086e00000|  0%| F|  |TAMS 0x0000000086d00000, 0x0000000086d00000| Untracked 
|  54|0x0000000086e00000, 0x0000000086e00000, 0x0000000086f00000|  0%| F|  |TAMS 0x0000000086e00000, 0x0000000086e00000| Untracked 
|  55|0x0000000086f00000, 0x0000000086f00000, 0x0000000087000000|  0%| F|  |TAMS 0x0000000086f00000, 0x0000000086f00000| Untracked 
|  56|0x0000000087000000, 0x0000000087000000, 0x0000000087100000|  0%| F|  |TAMS 0x0000000087000000, 0x0000000087000000| Untracked 
|  57|0x0000000087100000, 0x0000000087100000, 0x0000000087200000|  0%| F|  |TAMS 0x0000000087100000, 0x0000000087100000| Untracked 
|  58|0x0000000087200000, 0x0000000087200000, 0x0000000087300000|  0%| F|  |TAMS 0x0000000087200000, 0x0000000087200000| Untracked 
|  59|0x0000000087300000, 0x0000000087300000, 0x0000000087400000|  0%| F|  |TAMS 0x0000000087300000, 0x0000000087300000| Untracked 
|  60|0x0000000087400000, 0x0000000087400000, 0x0000000087500000|  0%| F|  |TAMS 0x0000000087400000, 0x0000000087400000| Untracked 
|  61|0x0000000087500000, 0x0000000087500000, 0x0000000087600000|  0%| F|  |TAMS 0x0000000087500000, 0x0000000087500000| Untracked 
|  62|0x0000000087600000, 0x0000000087600000, 0x0000000087700000|  0%| F|  |TAMS 0x0000000087600000, 0x0000000087600000| Untracked 
|  63|0x0000000087700000, 0x0000000087700000, 0x0000000087800000|  0%| F|  |TAMS 0x0000000087700000, 0x0000000087700000| Untracked 
|  64|0x0000000087800000, 0x0000000087800000, 0x0000000087900000|  0%| F|  |TAMS 0x0000000087800000, 0x0000000087800000| Untracked 
|  65|0x0000000087900000, 0x0000000087900000, 0x0000000087a00000|  0%| F|  |TAMS 0x0000000087900000, 0x0000000087900000| Untracked 
|  66|0x0000000087a00000, 0x0000000087a00000, 0x0000000087b00000|  0%| F|  |TAMS 0x0000000087a00000, 0x0000000087a00000| Untracked 
|  67|0x0000000087b00000, 0x0000000087b00000, 0x0000000087c00000|  0%| F|  |TAMS 0x0000000087b00000, 0x0000000087b00000| Untracked 
|  68|0x0000000087c00000, 0x0000000087c00000, 0x0000000087d00000|  0%| F|  |TAMS 0x0000000087c00000, 0x0000000087c00000| Untracked 
|  69|0x0000000087d00000, 0x0000000087d00000, 0x0000000087e00000|  0%| F|  |TAMS 0x0000000087d00000, 0x0000000087d00000| Untracked 
|  70|0x0000000087e00000, 0x0000000087e00000, 0x0000000087f00000|  0%| F|  |TAMS 0x0000000087e00000, 0x0000000087e00000| Untracked 
|  71|0x0000000087f00000, 0x0000000087f00000, 0x0000000088000000|  0%| F|  |TAMS 0x0000000087f00000, 0x0000000087f00000| Untracked 
|  72|0x0000000088000000, 0x0000000088000000, 0x0000000088100000|  0%| F|  |TAMS 0x0000000088000000, 0x0000000088000000| Untracked 
| 125|0x000000008b500000, 0x000000008b500000, 0x000000008b600000|  0%| F|  |TAMS 0x000000008b500000, 0x000000008b500000| Untracked 

Card table byte_map: [0x000002d725610000,0x000002d725a00000] _byte_map_base: 0x000002d7251f4000

Marking Bits (Prev, Next): (CMBitMap*) 0x000002d70e170aa0, (CMBitMap*) 0x000002d70e170ae0
 Prev Bits: [0x000002d725df0000, 0x000002d727d10000)
 Next Bits: [0x000002d727d10000, 0x000002d729c30000)

Polling page: 0x000002d70c0b0000

Metaspace:

Usage:
  Non-class:     41.72 MB used.
      Class:      6.33 MB used.
       Both:     48.05 MB used.

Virtual space:
  Non-class space:       48.00 MB reserved,      41.94 MB ( 87%) committed,  6 nodes.
      Class space:        1.00 GB reserved,       6.56 MB ( <1%) committed,  1 nodes.
             Both:        1.05 GB reserved,      48.50 MB (  5%) committed. 

Chunk freelists:
   Non-Class:  1.42 MB
       Class:  1.42 MB
        Both:  2.84 MB

MaxMetaspaceSize: unlimited
CompressedClassSpaceSize: 1.00 GB
Initial GC threshold: 21.00 MB
Current GC threshold: 58.75 MB
CDS: on
MetaspaceReclaimPolicy: balanced
 - commit_granule_bytes: 65536.
 - commit_granule_words: 8192.
 - virtual_space_node_default_size: 1048576.
 - enlarge_chunks_in_place: 1.
 - new_chunks_are_fully_committed: 0.
 - uncommit_free_chunks: 1.
 - use_allocation_guard: 0.
 - handle_deallocations: 1.


Internal statistics:

num_allocs_failed_limit: 6.
num_arena_births: 544.
num_arena_deaths: 0.
num_vsnodes_births: 7.
num_vsnodes_deaths: 0.
num_space_committed: 776.
num_space_uncommitted: 0.
num_chunks_returned_to_freelist: 6.
num_chunks_taken_from_freelist: 2171.
num_chunk_merges: 3.
num_chunk_splits: 1578.
num_chunks_enlarged: 1237.
num_purges: 0.
num_inconsistent_stats: 0.

CodeHeap 'non-profiled nmethods': size=119168Kb used=2699Kb max_used=2699Kb free=116468Kb
 bounds [0x000002d71d530000, 0x000002d71d7e0000, 0x000002d724990000]
CodeHeap 'profiled nmethods': size=119104Kb used=10054Kb max_used=10054Kb free=109050Kb
 bounds [0x000002d715990000, 0x000002d716370000, 0x000002d71cde0000]
CodeHeap 'non-nmethods': size=7488Kb used=2984Kb max_used=3069Kb free=4503Kb
 bounds [0x000002d71cde0000, 0x000002d71d0e0000, 0x000002d71d530000]
 total_blobs=5304 nmethods=4684 adapters=528
 compilation: enabled
              stopped_count=0, restarted_count=0
 full_count=0

Compilation events (20 events):
Event: 6.645 Thread 0x000002d72d8e7cb0 4682       3       java.util.stream.ReduceOps$ReduceOp::evaluateSequential (18 bytes)
Event: 6.646 Thread 0x000002d72d8e7cb0 nmethod 4682 0x000002d71635d990 code [0x000002d71635db60, 0x000002d71635dfe8]
Event: 6.646 Thread 0x000002d72d8e7cb0 4683       3       java.beans.Introspector::decapitalize (68 bytes)
Event: 6.646 Thread 0x000002d72d8fde80 4684       4       sun.net.www.protocol.jar.Handler::checkNestedProtocol (18 bytes)
Event: 6.647 Thread 0x000002d72d8e7cb0 nmethod 4683 0x000002d71635e110 code [0x000002d71635e480, 0x000002d71635fa08]
Event: 6.651 Thread 0x000002d72e795030 4685       3       net.bytebuddy.description.ModifierReviewable$AbstractBase::<init> (5 bytes)
Event: 6.652 Thread 0x000002d72e795030 nmethod 4685 0x000002d716360190 code [0x000002d716360320, 0x000002d716360478]
Event: 6.652 Thread 0x000002d72d8fde80 nmethod 4684 0x000002d71d7c7d10 code [0x000002d71d7c7ec0, 0x000002d71d7c8518]
Event: 6.663 Thread 0x000002d72c7b4640 nmethod 4671 0x000002d71d7c8990 code [0x000002d71d7c8e20, 0x000002d71d7cf308]
Event: 6.667 Thread 0x000002d72d8fde80 4686       4       sun.net.www.protocol.jar.Handler::parseURL (173 bytes)
Event: 6.667 Thread 0x000002d72ead2f20 4687       4       sun.net.www.protocol.jar.Handler::parseContextSpec (150 bytes)
Event: 6.667 Thread 0x000002d72c7b4640 4688       4       sun.net.www.protocol.jar.Handler::indexOfBangSlash (52 bytes)
Event: 6.668 Thread 0x000002d72d8e7cb0 4692       3       java.lang.reflect.ProxyGenerator::addProxyMethod (33 bytes)
Event: 6.668 Thread 0x000002d72c7b85e0 4693       3       java.lang.reflect.ProxyGenerator$$Lambda$50/0x0000000800c6fa10::apply (8 bytes)
Event: 6.668 Thread 0x000002d72e795030 4694       3       java.lang.reflect.ProxyGenerator::lambda$addProxyMethod$1 (9 bytes)
Event: 6.669 Thread 0x000002d72e795030 nmethod 4694 0x000002d716360510 code [0x000002d7163606c0, 0x000002d716360848]
Event: 6.669 Thread 0x000002d72d8e7cb0 nmethod 4692 0x000002d716360910 code [0x000002d716360b00, 0x000002d716361058]
Event: 6.669 Thread 0x000002d72c7b85e0 nmethod 4693 0x000002d716361210 code [0x000002d7163613c0, 0x000002d7163616c8]
Event: 6.670 Thread 0x000002d72c7b4640 nmethod 4688 0x000002d71d7d2890 code [0x000002d71d7d2a20, 0x000002d71d7d2c78]
Event: 6.670 Thread 0x000002d72c7b4640 4696       4       jdk.internal.org.objectweb.asm.MethodWriter::computeAllFrames (510 bytes)

GC Heap History (20 events):
Event: 0.858 GC heap after
{Heap after GC invocations=1 (full 0):
 garbage-first heap   total 129024K, used 6525K [0x0000000083800000, 0x0000000100000000)
  region size 1024K, 3 young (3072K), 3 survivors (3072K)
 Metaspace       used 6250K, committed 6464K, reserved 1056768K
  class space    used 736K, committed 832K, reserved 1048576K
}
Event: 1.223 GC heap before
{Heap before GC invocations=1 (full 0):
 garbage-first heap   total 129024K, used 34173K [0x0000000083800000, 0x0000000100000000)
  region size 1024K, 31 young (31744K), 3 survivors (3072K)
 Metaspace       used 13314K, committed 13504K, reserved 1064960K
  class space    used 1603K, committed 1664K, reserved 1048576K
}
Event: 1.230 GC heap after
{Heap after GC invocations=2 (full 0):
 garbage-first heap   total 129024K, used 8899K [0x0000000083800000, 0x0000000100000000)
  region size 1024K, 3 young (3072K), 3 survivors (3072K)
 Metaspace       used 13314K, committed 13504K, reserved 1064960K
  class space    used 1603K, committed 1664K, reserved 1048576K
}
Event: 3.142 GC heap before
{Heap before GC invocations=2 (full 0):
 garbage-first heap   total 129024K, used 58051K [0x0000000083800000, 0x0000000100000000)
  region size 1024K, 53 young (54272K), 3 survivors (3072K)
 Metaspace       used 21235K, committed 21504K, reserved 1073152K
  class space    used 2638K, committed 2752K, reserved 1048576K
}
Event: 3.164 GC heap after
{Heap after GC invocations=3 (full 0):
 garbage-first heap   total 129024K, used 12505K [0x0000000083800000, 0x0000000100000000)
  region size 1024K, 6 young (6144K), 6 survivors (6144K)
 Metaspace       used 21235K, committed 21504K, reserved 1073152K
  class space    used 2638K, committed 2752K, reserved 1048576K
}
Event: 4.092 GC heap before
{Heap before GC invocations=4 (full 0):
 garbage-first heap   total 48128K, used 35033K [0x0000000083800000, 0x0000000100000000)
  region size 1024K, 28 young (28672K), 6 survivors (6144K)
 Metaspace       used 26602K, committed 26944K, reserved 1073152K
  class space    used 3365K, committed 3520K, reserved 1048576K
}
Event: 4.111 GC heap after
{Heap after GC invocations=5 (full 0):
 garbage-first heap   total 48128K, used 15742K [0x0000000083800000, 0x0000000100000000)
  region size 1024K, 4 young (4096K), 4 survivors (4096K)
 Metaspace       used 26602K, committed 26944K, reserved 1073152K
  class space    used 3365K, committed 3520K, reserved 1048576K
}
Event: 4.129 GC heap before
{Heap before GC invocations=5 (full 0):
 garbage-first heap   total 48128K, used 15742K [0x0000000083800000, 0x0000000100000000)
  region size 1024K, 5 young (5120K), 4 survivors (4096K)
 Metaspace       used 26636K, committed 26944K, reserved 1073152K
  class space    used 3366K, committed 3520K, reserved 1048576K
}
Event: 4.139 GC heap after
{Heap after GC invocations=6 (full 0):
 garbage-first heap   total 48128K, used 15939K [0x0000000083800000, 0x0000000100000000)
  region size 1024K, 1 young (1024K), 1 survivors (1024K)
 Metaspace       used 26636K, committed 26944K, reserved 1073152K
  class space    used 3366K, committed 3520K, reserved 1048576K
}
Event: 4.716 GC heap before
{Heap before GC invocations=6 (full 0):
 garbage-first heap   total 48128K, used 33347K [0x0000000083800000, 0x0000000100000000)
  region size 1024K, 19 young (19456K), 1 survivors (1024K)
 Metaspace       used 30265K, committed 30720K, reserved 1081344K
  class space    used 3872K, committed 4096K, reserved 1048576K
}
Event: 4.720 GC heap after
{Heap after GC invocations=7 (full 0):
 garbage-first heap   total 48128K, used 16380K [0x0000000083800000, 0x0000000100000000)
  region size 1024K, 2 young (2048K), 2 survivors (2048K)
 Metaspace       used 30265K, committed 30720K, reserved 1081344K
  class space    used 3872K, committed 4096K, reserved 1048576K
}
Event: 5.402 GC heap before
{Heap before GC invocations=7 (full 0):
 garbage-first heap   total 48128K, used 33788K [0x0000000083800000, 0x0000000100000000)
  region size 1024K, 20 young (20480K), 2 survivors (2048K)
 Metaspace       used 35256K, committed 35712K, reserved 1081344K
  class space    used 4578K, committed 4800K, reserved 1048576K
}
Event: 5.406 GC heap after
{Heap after GC invocations=8 (full 0):
 garbage-first heap   total 48128K, used 17546K [0x0000000083800000, 0x0000000100000000)
  region size 1024K, 3 young (3072K), 3 survivors (3072K)
 Metaspace       used 35256K, committed 35712K, reserved 1081344K
  class space    used 4578K, committed 4800K, reserved 1048576K
}
Event: 5.440 GC heap before
{Heap before GC invocations=8 (full 0):
 garbage-first heap   total 48128K, used 18570K [0x0000000083800000, 0x0000000100000000)
  region size 1024K, 5 young (5120K), 3 survivors (3072K)
 Metaspace       used 35624K, committed 35968K, reserved 1081344K
  class space    used 4621K, committed 4800K, reserved 1048576K
}
Event: 5.444 GC heap after
{Heap after GC invocations=9 (full 0):
 garbage-first heap   total 48128K, used 17683K [0x0000000083800000, 0x0000000100000000)
  region size 1024K, 2 young (2048K), 2 survivors (2048K)
 Metaspace       used 35624K, committed 35968K, reserved 1081344K
  class space    used 4621K, committed 4800K, reserved 1048576K
}
Event: 6.323 GC heap before
{Heap before GC invocations=10 (full 0):
 garbage-first heap   total 48128K, used 37139K [0x0000000083800000, 0x0000000100000000)
  region size 1024K, 21 young (21504K), 2 survivors (2048K)
 Metaspace       used 43752K, committed 44224K, reserved 1089536K
  class space    used 5687K, committed 5888K, reserved 1048576K
}
Event: 6.327 GC heap after
{Heap after GC invocations=11 (full 0):
 garbage-first heap   total 48128K, used 19446K [0x0000000083800000, 0x0000000100000000)
  region size 1024K, 3 young (3072K), 3 survivors (3072K)
 Metaspace       used 43752K, committed 44224K, reserved 1089536K
  class space    used 5687K, committed 5888K, reserved 1048576K
}
Event: 6.345 GC heap before
{Heap before GC invocations=11 (full 0):
 garbage-first heap   total 48128K, used 20470K [0x0000000083800000, 0x0000000100000000)
  region size 1024K, 4 young (4096K), 3 survivors (3072K)
 Metaspace       used 43955K, committed 44416K, reserved 1089536K
  class space    used 5706K, committed 5952K, reserved 1048576K
}
Event: 6.349 GC heap after
{Heap after GC invocations=12 (full 0):
 garbage-first heap   total 48128K, used 19735K [0x0000000083800000, 0x0000000100000000)
  region size 1024K, 1 young (1024K), 1 survivors (1024K)
 Metaspace       used 43955K, committed 44416K, reserved 1089536K
  class space    used 5706K, committed 5952K, reserved 1048576K
}
Event: 6.673 GC heap before
{Heap before GC invocations=12 (full 0):
 garbage-first heap   total 48128K, used 37143K [0x0000000083800000, 0x0000000100000000)
  region size 1024K, 18 young (18432K), 1 survivors (1024K)
 Metaspace       used 49205K, committed 49664K, reserved 1097728K
  class space    used 6484K, committed 6720K, reserved 1048576K
}

Deoptimization events (20 events):
Event: 6.107 Thread 0x000002d730569380 DEOPT PACKING pc=0x000002d71d761ea4 sp=0x000000ff636fe2a0
Event: 6.107 Thread 0x000002d730569380 DEOPT UNPACKING pc=0x000002d71ce323a3 sp=0x000000ff636fe228 mode 2
Event: 6.122 Thread 0x000002d730569380 DEOPT PACKING pc=0x000002d71624afbe sp=0x000000ff636fdee0
Event: 6.122 Thread 0x000002d730569380 DEOPT UNPACKING pc=0x000002d71ce32b43 sp=0x000000ff636fd310 mode 0
Event: 6.129 Thread 0x000002d730569380 DEOPT PACKING pc=0x000002d71624afbe sp=0x000000ff636fe030
Event: 6.129 Thread 0x000002d730569380 DEOPT UNPACKING pc=0x000002d71ce32b43 sp=0x000000ff636fd460 mode 0
Event: 6.130 Thread 0x000002d730569380 DEOPT PACKING pc=0x000002d71624aff1 sp=0x000000ff636fdb40
Event: 6.130 Thread 0x000002d730569380 DEOPT UNPACKING pc=0x000002d71ce32b43 sp=0x000000ff636fcf70 mode 0
Event: 6.131 Thread 0x000002d730569380 DEOPT PACKING pc=0x000002d71624afbe sp=0x000000ff636fe010
Event: 6.131 Thread 0x000002d730569380 DEOPT UNPACKING pc=0x000002d71ce32b43 sp=0x000000ff636fd440 mode 0
Event: 6.253 Thread 0x000002d730569380 DEOPT PACKING pc=0x000002d7162562ad sp=0x000000ff636fdd50
Event: 6.253 Thread 0x000002d730569380 DEOPT UNPACKING pc=0x000002d71ce32b43 sp=0x000000ff636fd1d8 mode 0
Event: 6.257 Thread 0x000002d730569380 DEOPT PACKING pc=0x000002d7162562ad sp=0x000000ff636fde60
Event: 6.257 Thread 0x000002d730569380 DEOPT UNPACKING pc=0x000002d71ce32b43 sp=0x000000ff636fd2e8 mode 0
Event: 6.262 Thread 0x000002d730569380 DEOPT PACKING pc=0x000002d7162562ad sp=0x000000ff636fdaf0
Event: 6.262 Thread 0x000002d730569380 DEOPT UNPACKING pc=0x000002d71ce32b43 sp=0x000000ff636fcf78 mode 0
Event: 6.297 Thread 0x000002d70e114550 Uncommon trap: trap_request=0xfffffff4 fr.pc=0x000002d71d6f0798 relative=0x0000000000001df8
Event: 6.297 Thread 0x000002d70e114550 Uncommon trap: reason=null_check action=make_not_entrant pc=0x000002d71d6f0798 method=java.lang.Class.createAnnotationData(I)Ljava/lang/Class$AnnotationData; @ 14 c2
Event: 6.297 Thread 0x000002d70e114550 DEOPT PACKING pc=0x000002d71d6f0798 sp=0x000000ff60afded0
Event: 6.297 Thread 0x000002d70e114550 DEOPT UNPACKING pc=0x000002d71ce323a3 sp=0x000000ff60afde48 mode 2

Classes unloaded (0 events):
No events

Classes redefined (0 events):
No events

Internal exceptions (20 events):
Event: 3.554 Thread 0x000002d70e114550 Exception <a 'java/lang/NoSuchMethodError'{0x0000000085765700}: 'void java.lang.invoke.DirectMethodHandle$Holder.invokeVirtual(java.lang.Object, java.lang.Object, int)'> (0x0000000085765700) 
thrown [s\open\src\hotspot\share\interpreter\linkResolver.cpp, line 759]
Event: 3.555 Thread 0x000002d70e114550 Exception <a 'java/lang/NoSuchMethodError'{0x000000008576b948}: 'void java.lang.invoke.DirectMethodHandle$Holder.invokeStatic(java.lang.Object, java.lang.Object, java.lang.Object, int, java.lang.Object)'> (0x000000008576b948) 
thrown [s\open\src\hotspot\share\interpreter\linkResolver.cpp, line 759]
Event: 3.555 Thread 0x000002d70e114550 Exception <a 'java/lang/NoSuchMethodError'{0x0000000085772e50}: 'java.lang.Object java.lang.invoke.DirectMethodHandle$Holder.newInvokeSpecial(java.lang.Object, java.lang.Object, java.lang.Object, int)'> (0x0000000085772e50) 
thrown [s\open\src\hotspot\share\interpreter\linkResolver.cpp, line 759]
Event: 3.555 Thread 0x000002d70e114550 Exception <a 'java/lang/NoSuchMethodError'{0x0000000085777138}: 'java.lang.Object java.lang.invoke.DirectMethodHandle$Holder.invokeSpecial(java.lang.Object, java.lang.Object, java.lang.Object, java.lang.Object, int)'> (0x0000000085777138) 
thrown [s\open\src\hotspot\share\interpreter\linkResolver.cpp, line 759]
Event: 3.556 Thread 0x000002d70e114550 Exception <a 'java/lang/NoSuchMethodError'{0x000000008577ad00}: 'java.lang.Object java.lang.invoke.Invokers$Holder.linkToTargetMethod(java.lang.Object, java.lang.Object, int, java.lang.Object)'> (0x000000008577ad00) 
thrown [s\open\src\hotspot\share\interpreter\linkResolver.cpp, line 759]
Event: 3.680 Thread 0x000002d70e114550 Exception <a 'java/lang/NoSuchMethodError'{0x00000000853a71e8}: 'java.lang.Object java.lang.invoke.DirectMethodHandle$Holder.invokeStaticInit(java.lang.Object, int, int, int, int)'> (0x00000000853a71e8) 
thrown [s\open\src\hotspot\share\interpreter\linkResolver.cpp, line 759]
Event: 3.763 Thread 0x000002d70e114550 Exception <a 'java/lang/NoSuchMethodError'{0x00000000853de240}: 'java.lang.Object java.lang.invoke.DirectMethodHandle$Holder.invokeStaticInit(java.lang.Object, java.lang.Object, int, int, int, int)'> (0x00000000853de240) 
thrown [s\open\src\hotspot\share\interpreter\linkResolver.cpp, line 759]
Event: 3.963 Thread 0x000002d70e114550 Exception <a 'java/lang/NoSuchMethodError'{0x0000000084efca80}: 'java.lang.Object java.lang.invoke.DirectMethodHandle$Holder.invokeSpecial(java.lang.Object, java.lang.Object, long, java.lang.Object, java.lang.Object, java.lang.Object, java.lang.Object, java.lang.Object, java.lang.Object)'> (0x0000000084efca80) 
thrown [s\open\src\hotspot\share\interpreter\linkResolver.cpp, line 759]
Event: 3.963 Thread 0x000002d70e114550 Exception <a 'java/lang/NoSuchMethodError'{0x0000000084d01a80}: 'java.lang.Object java.lang.invoke.DelegatingMethodHandle$Holder.reinvoke_L(java.lang.Object, long, java.lang.Object, java.lang.Object, java.lang.Object, java.lang.Object, java.lang.Object, java.lang.Object)'> (0x0000000084d01a80) 
thrown [s\open\src\hotspot\share\interpreter\linkResolver.cpp, line 759]
Event: 4.089 Thread 0x000002d70e114550 Exception <a 'java/io/FileNotFoundException'{0x0000000084be5850}> (0x0000000084be5850) 
thrown [s\open\src\hotspot\share\prims\jni.cpp, line 516]
Event: 4.155 Thread 0x000002d70e114550 Exception <a 'java/lang/NoSuchMethodError'{0x000000008b574b98}: 'int java.lang.invoke.DirectMethodHandle$Holder.invokeInterface(java.lang.Object, java.lang.Object, java.lang.Object, java.lang.Object)'> (0x000000008b574b98) 
thrown [s\open\src\hotspot\share\interpreter\linkResolver.cpp, line 759]
Event: 4.233 Thread 0x000002d70e114550 Exception <a 'java/lang/NoSuchMethodError'{0x0000000087e89a98}: 'long java.lang.invoke.DirectMethodHandle$Holder.invokeVirtual(java.lang.Object, java.lang.Object)'> (0x0000000087e89a98) 
thrown [s\open\src\hotspot\share\interpreter\linkResolver.cpp, line 759]
Event: 4.378 Thread 0x000002d70e114550 Implicit null exception at 0x000002d71d65e160 to 0x000002d71d65e4c8
Event: 5.557 Thread 0x000002d70e114550 Exception <a 'sun/nio/fs/WindowsException'{0x000000008b5da0b0}> (0x000000008b5da0b0) 
thrown [s\open\src\hotspot\share\prims\jni.cpp, line 516]
Event: 5.576 Thread 0x000002d70e114550 Exception <a 'java/lang/NoSuchMethodError'{0x000000008b5fd2f8}: 'int java.lang.invoke.DirectMethodHandle$Holder.invokeStaticInit(java.lang.Object, java.lang.Object, java.lang.Object, java.lang.Object)'> (0x000000008b5fd2f8) 
thrown [s\open\src\hotspot\share\interpreter\linkResolver.cpp, line 759]
Event: 6.108 Thread 0x000002d70e114550 Exception <a 'java/lang/NoSuchMethodError'{0x0000000085c3f3d0}: 'java.lang.Object java.lang.invoke.DirectMethodHandle$Holder.invokeStaticInit(java.lang.Object, java.lang.Object, java.lang.Object, java.lang.Object)'> (0x0000000085c3f3d0) 
thrown [s\open\src\hotspot\share\interpreter\linkResolver.cpp, line 759]
Event: 6.297 Thread 0x000002d70e114550 Implicit null exception at 0x000002d71d6eea60 to 0x000002d71d6f078c
Event: 6.457 Thread 0x000002d70e114550 Exception <a 'java/lang/IncompatibleClassChangeError'{0x0000000087bd5a98}: Found class java.lang.Object, but interface was expected> (0x0000000087bd5a98) 
thrown [s\open\src\hotspot\share\interpreter\linkResolver.cpp, line 826]
Event: 6.475 Thread 0x000002d70e114550 Exception <a 'java/lang/NoSuchMethodError'{0x0000000085fd5460}: 'java.lang.Object java.lang.invoke.DirectMethodHandle$Holder.invokeStatic(java.lang.Object, java.lang.Object, int, java.lang.Object)'> (0x0000000085fd5460) 
thrown [s\open\src\hotspot\share\interpreter\linkResolver.cpp, line 759]
Event: 6.475 Thread 0x000002d70e114550 Exception <a 'java/lang/NoSuchMethodError'{0x0000000085fd8ef8}: 'java.lang.Object java.lang.invoke.DirectMethodHandle$Holder.invokeStaticInit(java.lang.Object, java.lang.Object, int, java.lang.Object)'> (0x0000000085fd8ef8) 
thrown [s\open\src\hotspot\share\interpreter\linkResolver.cpp, line 759]

VM Operations (20 events):
Event: 5.406 Executing VM operation: G1CollectForAllocation done
Event: 5.440 Executing VM operation: CollectForMetadataAllocation
Event: 5.444 Executing VM operation: CollectForMetadataAllocation done
Event: 5.450 Executing VM operation: HandshakeAllThreads
Event: 5.450 Executing VM operation: HandshakeAllThreads done
Event: 5.457 Executing VM operation: G1Concurrent
Event: 5.461 Executing VM operation: G1Concurrent done
Event: 5.470 Executing VM operation: G1Concurrent
Event: 5.470 Executing VM operation: G1Concurrent done
Event: 5.567 Executing VM operation: HandshakeAllThreads
Event: 5.567 Executing VM operation: HandshakeAllThreads done
Event: 5.895 Executing VM operation: HandshakeAllThreads
Event: 5.895 Executing VM operation: HandshakeAllThreads done
Event: 6.256 Executing VM operation: ICBufferFull
Event: 6.256 Executing VM operation: ICBufferFull done
Event: 6.323 Executing VM operation: G1CollectForAllocation
Event: 6.327 Executing VM operation: G1CollectForAllocation done
Event: 6.344 Executing VM operation: G1CollectForAllocation
Event: 6.349 Executing VM operation: G1CollectForAllocation done
Event: 6.673 Executing VM operation: G1CollectForAllocation

Events (20 events):
Event: 6.316 loading class java/util/stream/ReduceOps$1ReducingSink
Event: 6.316 loading class java/util/stream/ReduceOps$1ReducingSink done
Event: 6.376 loading class javax/naming/RefAddr
Event: 6.377 loading class javax/naming/RefAddr done
Event: 6.377 loading class javax/naming/StringRefAddr
Event: 6.377 loading class javax/naming/StringRefAddr done
Event: 6.397 loading class jdk/internal/reflect/UnsafeQualifiedStaticObjectFieldAccessorImpl
Event: 6.398 loading class jdk/internal/reflect/UnsafeQualifiedStaticObjectFieldAccessorImpl done
Event: 6.401 loading class java/util/concurrent/CompletionStage
Event: 6.401 loading class java/util/concurrent/CompletionStage done
Event: 6.402 loading class java/util/concurrent/CompletableFuture
Event: 6.403 loading class java/util/concurrent/CompletableFuture done
Event: 6.403 loading class java/util/concurrent/CompletableFuture$AltResult
Event: 6.403 loading class java/util/concurrent/CompletableFuture$AltResult done
Event: 6.403 loading class java/util/concurrent/CompletableFuture$Completion
Event: 6.403 loading class java/util/concurrent/CompletableFuture$AsynchronousCompletionTask
Event: 6.403 loading class java/util/concurrent/CompletableFuture$AsynchronousCompletionTask done
Event: 6.404 loading class java/util/concurrent/CompletableFuture$Completion done
Event: 6.451 loading class java/util/concurrent/CancellationException
Event: 6.451 loading class java/util/concurrent/CancellationException done


Dynamic libraries:
0x00007ff6a0780000 - 0x00007ff6a0790000 	C:\Program Files\Java\jdk-17\bin\java.exe
0x00007ff9c2cd0000 - 0x00007ff9c2ee4000 	C:\WINDOWS\SYSTEM32\ntdll.dll
0x00007ff9c0b70000 - 0x00007ff9c0c32000 	C:\WINDOWS\System32\KERNEL32.DLL
0x00007ff9c0700000 - 0x00007ff9c0aa3000 	C:\WINDOWS\System32\KERNELBASE.dll
0x00007ff9c0210000 - 0x00007ff9c0321000 	C:\WINDOWS\System32\ucrtbase.dll
0x00007ff97ff10000 - 0x00007ff97ff29000 	C:\Program Files\Java\jdk-17\bin\jli.dll
0x00007ff997fa0000 - 0x00007ff997fbb000 	C:\Program Files\Java\jdk-17\bin\VCRUNTIME140.dll
0x00007ff9c0ca0000 - 0x00007ff9c0d4e000 	C:\WINDOWS\System32\ADVAPI32.dll
0x00007ff9c25c0000 - 0x00007ff9c2667000 	C:\WINDOWS\System32\msvcrt.dll
0x00007ff9c1d00000 - 0x00007ff9c1da4000 	C:\WINDOWS\System32\sechost.dll
0x00007ff9c16b0000 - 0x00007ff9c17c7000 	C:\WINDOWS\System32\RPCRT4.dll
0x00007ff9c19a0000 - 0x00007ff9c1b4a000 	C:\WINDOWS\System32\USER32.dll
0x00007ff9a1f50000 - 0x00007ff9a21de000 	C:\WINDOWS\WinSxS\amd64_microsoft.windows.common-controls_6595b64144ccf1df_6.0.22621.1635_none_270f70857386168e\COMCTL32.dll
0x00007ff9c0170000 - 0x00007ff9c0196000 	C:\WINDOWS\System32\win32u.dll
0x00007ff9c1930000 - 0x00007ff9c1959000 	C:\WINDOWS\System32\GDI32.dll
0x00007ff9c05e0000 - 0x00007ff9c06f9000 	C:\WINDOWS\System32\gdi32full.dll
0x00007ff9c00d0000 - 0x00007ff9c016a000 	C:\WINDOWS\System32\msvcp_win.dll
0x00007ff9bb0a0000 - 0x00007ff9bb0aa000 	C:\WINDOWS\SYSTEM32\VERSION.dll
0x00007ff9c2c50000 - 0x00007ff9c2c81000 	C:\WINDOWS\System32\IMM32.DLL
0x00007ff99dba0000 - 0x00007ff99dbac000 	C:\Program Files\Java\jdk-17\bin\vcruntime140_1.dll
0x00007ff962c30000 - 0x00007ff962cbe000 	C:\Program Files\Java\jdk-17\bin\msvcp140.dll
0x00007ff91aee0000 - 0x00007ff91babd000 	C:\Program Files\Java\jdk-17\bin\server\jvm.dll
0x00007ff9c2140000 - 0x00007ff9c2148000 	C:\WINDOWS\System32\PSAPI.DLL
0x00007ff9bb720000 - 0x00007ff9bb754000 	C:\WINDOWS\SYSTEM32\WINMM.dll
0x00007ff991990000 - 0x00007ff991999000 	C:\WINDOWS\SYSTEM32\WSOCK32.dll
0x00007ff9c17d0000 - 0x00007ff9c1841000 	C:\WINDOWS\System32\WS2_32.dll
0x00007ff9bf110000 - 0x00007ff9bf128000 	C:\WINDOWS\SYSTEM32\kernel.appcore.dll
0x00007ff99d920000 - 0x00007ff99d92a000 	C:\Program Files\Java\jdk-17\bin\jimage.dll
0x00007ff9bd5d0000 - 0x00007ff9bd7fe000 	C:\WINDOWS\SYSTEM32\DBGHELP.DLL
0x00007ff9c1db0000 - 0x00007ff9c2139000 	C:\WINDOWS\System32\combase.dll
0x00007ff9c1850000 - 0x00007ff9c1927000 	C:\WINDOWS\System32\OLEAUT32.dll
0x00007ff9b22c0000 - 0x00007ff9b22f2000 	C:\WINDOWS\SYSTEM32\dbgcore.DLL
0x00007ff9c0560000 - 0x00007ff9c05da000 	C:\WINDOWS\System32\bcryptPrimitives.dll
0x00007ff9bc590000 - 0x00007ff9bc59e000 	C:\Program Files\Java\jdk-17\bin\instrument.dll
0x00007ff979550000 - 0x00007ff979575000 	C:\Program Files\Java\jdk-17\bin\java.dll
0x00007ff95f960000 - 0x00007ff95fa37000 	C:\Program Files\Java\jdk-17\bin\jsvml.dll
0x00007ff9c0d50000 - 0x00007ff9c1549000 	C:\WINDOWS\System32\SHELL32.dll
0x00007ff9be0c0000 - 0x00007ff9be98e000 	C:\WINDOWS\SYSTEM32\windows.storage.dll
0x00007ff9bdf80000 - 0x00007ff9be0be000 	C:\WINDOWS\SYSTEM32\wintypes.dll
0x00007ff9c2440000 - 0x00007ff9c2531000 	C:\WINDOWS\System32\SHCORE.dll
0x00007ff9c2bf0000 - 0x00007ff9c2c4e000 	C:\WINDOWS\System32\shlwapi.dll
0x00007ff9c0000000 - 0x00007ff9c0026000 	C:\WINDOWS\SYSTEM32\profapi.dll
0x00007ff97e1b0000 - 0x00007ff97e1c8000 	C:\Program Files\Java\jdk-17\bin\zip.dll
0x00007ff97fbb0000 - 0x00007ff97fbc9000 	C:\Program Files\Java\jdk-17\bin\net.dll
0x00007ff9bc6e0000 - 0x00007ff9bc817000 	C:\WINDOWS\SYSTEM32\WINHTTP.dll
0x00007ff9bf590000 - 0x00007ff9bf5f9000 	C:\WINDOWS\system32\mswsock.dll
0x00007ff97e800000 - 0x00007ff97e816000 	C:\Program Files\Java\jdk-17\bin\nio.dll
0x00007ff9ae0f0000 - 0x00007ff9ae10a000 	C:\Program Files\JetBrains\IntelliJ IDEA Community Edition 2022.2.3\bin\breakgen64.dll
0x00007ff9bf7f0000 - 0x00007ff9bf80b000 	C:\WINDOWS\SYSTEM32\CRYPTSP.dll
0x00007ff9bf080000 - 0x00007ff9bf0b5000 	C:\WINDOWS\system32\rsaenh.dll
0x00007ff9bf690000 - 0x00007ff9bf6bc000 	C:\WINDOWS\SYSTEM32\USERENV.dll
0x00007ff9bf9b0000 - 0x00007ff9bf9d8000 	C:\WINDOWS\SYSTEM32\bcrypt.dll
0x00007ff9bf810000 - 0x00007ff9bf81c000 	C:\WINDOWS\SYSTEM32\CRYPTBASE.dll
0x00007ff9bebf0000 - 0x00007ff9bec1d000 	C:\WINDOWS\SYSTEM32\IPHLPAPI.DLL
0x00007ff9c1b50000 - 0x00007ff9c1b59000 	C:\WINDOWS\System32\NSI.dll
0x00007ff9bbb80000 - 0x00007ff9bbb99000 	C:\WINDOWS\SYSTEM32\dhcpcsvc6.DLL
0x00007ff9bbb00000 - 0x00007ff9bbb1f000 	C:\WINDOWS\SYSTEM32\dhcpcsvc.DLL
0x00007ff9bec60000 - 0x00007ff9bed53000 	C:\WINDOWS\SYSTEM32\DNSAPI.dll
0x00007ff9b0eb0000 - 0x00007ff9b0ebd000 	C:\Program Files\Java\jdk-17\bin\sunmscapi.dll
0x00007ff9c0330000 - 0x00007ff9c0497000 	C:\WINDOWS\System32\CRYPT32.dll
0x00007ff9bf980000 - 0x00007ff9bf9ae000 	C:\WINDOWS\SYSTEM32\ncrypt.dll
0x00007ff9bf940000 - 0x00007ff9bf977000 	C:\WINDOWS\SYSTEM32\NTASN1.dll
0x00007ff9ba680000 - 0x00007ff9ba68a000 	C:\Program Files\Java\jdk-17\bin\management.dll
0x00007ff9b0ec0000 - 0x00007ff9b0ecb000 	C:\Program Files\Java\jdk-17\bin\management_ext.dll
0x00007ff99ab20000 - 0x00007ff99ab30000 	C:\Program Files\Java\jdk-17\bin\verify.dll
0x00007ff9bbb70000 - 0x00007ff9bbb7a000 	C:\Windows\System32\rasadhlp.dll
0x00007ff9bb480000 - 0x00007ff9bb504000 	C:\WINDOWS\System32\fwpuclnt.dll

dbghelp: loaded successfully - version: 4.0.5 - missing functions: none
symbol engine: initialized successfully - sym options: 0x614 - pdb path: .;C:\Program Files\Java\jdk-17\bin;C:\WINDOWS\SYSTEM32;C:\WINDOWS\WinSxS\amd64_microsoft.windows.common-controls_6595b64144ccf1df_6.0.22621.1635_none_270f70857386168e;C:\Program Files\Java\jdk-17\bin\server;C:\Program Files\JetBrains\IntelliJ IDEA Community Edition 2022.2.3\bin

VM Arguments:
jvm_args: -javaagent:C:\Program Files\JetBrains\IntelliJ IDEA Community Edition 2022.2.3\lib\idea_rt.jar=57408:C:\Program Files\JetBrains\IntelliJ IDEA Community Edition 2022.2.3\bin -Dfile.encoding=UTF-8 
java_command: com.takeo.CatalogApi.CatalogApiApplication
java_class_path (initial): D:\Academic\takeo\Full Stack Developer Bootcamp\Backend\Practical Class\code\Task\Microservice\CommunicationService\CatalogApi\target\classes;C:\Users\saile\.m2\repository\org\springframework\boot\spring-boot-starter-data-jpa\3.1.2\spring-boot-starter-data-jpa-3.1.2.jar;C:\Users\saile\.m2\repository\org\springframework\boot\spring-boot-starter-aop\3.1.2\spring-boot-starter-aop-3.1.2.jar;C:\Users\saile\.m2\repository\org\springframework\spring-aop\6.0.11\spring-aop-6.0.11.jar;C:\Users\saile\.m2\repository\org\aspectj\aspectjweaver\1.9.19\aspectjweaver-1.9.19.jar;C:\Users\saile\.m2\repository\org\springframework\boot\spring-boot-starter-jdbc\3.1.2\spring-boot-starter-jdbc-3.1.2.jar;C:\Users\saile\.m2\repository\com\zaxxer\HikariCP\5.0.1\HikariCP-5.0.1.jar;C:\Users\saile\.m2\repository\org\springframework\spring-jdbc\6.0.11\spring-jdbc-6.0.11.jar;C:\Users\saile\.m2\repository\org\hibernate\orm\hibernate-core\6.2.6.Final\hibernate-core-6.2.6.Final.jar;C:\Users\saile\.m2\repository\jakarta\persistence\jakarta.persistence-api\3.1.0\jakarta.persistence-api-3.1.0.jar;C:\Users\saile\.m2\repository\jakarta\transaction\jakarta.transaction-api\2.0.1\jakarta.transaction-api-2.0.1.jar;C:\Users\saile\.m2\repository\org\jboss\logging\jboss-logging\3.5.3.Final\jboss-logging-3.5.3.Final.jar;C:\Users\saile\.m2\repository\org\hibernate\common\hibernate-commons-annotations\6.0.6.Final\hibernate-commons-annotations-6.0.6.Final.jar;C:\Users\saile\.m2\repository\io\smallrye\jandex\3.0.5\jandex-3.0.5.jar;C:\Users\saile\.m2\repository\com\fasterxml\classmate\1.5.1\classmate-1.5.1.jar;C:\Users\saile\.m2\repository\net\bytebuddy\byte-buddy\1.14.5\byte-buddy-1.14.5.jar;C:\Users\saile\.m2\repository\org\glassfish\jaxb\jaxb-runtime\4.0.3\jaxb-runtime-4.0.3.jar;C:\Users\saile\.m2\repository\org\glassfish\jaxb\jaxb-core\4.0.3\jaxb-core-4.0.3.jar;C:\Users\saile\.m2\repository\org\eclipse\angus\angus-activation\2.0.1\angus-activation-2.0.1.jar;C:\Users\saile\.m2\repositor
Launcher Type: SUN_STANDARD

[Global flags]
     intx CICompilerCount                          = 12                                        {product} {ergonomic}
     uint ConcGCThreads                            = 3                                         {product} {ergonomic}
     uint G1ConcRefinementThreads                  = 13                                        {product} {ergonomic}
   size_t G1HeapRegionSize                         = 1048576                                   {product} {ergonomic}
    uintx GCDrainStackTargetSize                   = 64                                        {product} {ergonomic}
   size_t InitialHeapSize                          = 132120576                                 {product} {ergonomic}
   size_t MarkStackSize                            = 4194304                                   {product} {ergonomic}
   size_t MaxHeapSize                              = 2088763392                                {product} {ergonomic}
   size_t MaxNewSize                               = 1253048320                                {product} {ergonomic}
   size_t MinHeapDeltaBytes                        = 1048576                                   {product} {ergonomic}
   size_t MinHeapSize                              = 8388608                                   {product} {ergonomic}
    uintx NonNMethodCodeHeapSize                   = 7602480                                {pd product} {ergonomic}
    uintx NonProfiledCodeHeapSize                  = 122027880                              {pd product} {ergonomic}
    uintx ProfiledCodeHeapSize                     = 122027880                              {pd product} {ergonomic}
    uintx ReservedCodeCacheSize                    = 251658240                              {pd product} {ergonomic}
     bool SegmentedCodeCache                       = true                                      {product} {ergonomic}
   size_t SoftMaxHeapSize                          = 2088763392                             {manageable} {ergonomic}
     bool UseCompressedClassPointers               = true                           {product lp64_product} {ergonomic}
     bool UseCompressedOops                        = true                           {product lp64_product} {ergonomic}
     bool UseG1GC                                  = true                                      {product} {ergonomic}
     bool UseLargePagesIndividualAllocation        = false                                  {pd product} {ergonomic}

Logging:
Log output configuration:
 #0: stdout all=warning uptime,level,tags
 #1: stderr all=off uptime,level,tags

Environment Variables:
PATH=C:\Program Files\Common Files\Oracle\Java\javapath;C:\Program Files (x86)\Common Files\Oracle\Java\javapath;C:\Windows\system32;C:\Windows;C:\Windows\System32\Wbem;C:\Windows\System32\WindowsPowerShell\v1.0\;C:\Windows\System32\OpenSSH\;C:\Program Files (x86)\NVIDIA Corporation\PhysX\Common;C:\Program Files\NVIDIA Corporation\NVIDIA NvDLISR;C:\Program Files\dotnet\;C:\Program Files (x86)\Calibre2\;C:\WINDOWS\system32;C:\WINDOWS;C:\WINDOWS\System32\Wbem;C:\WINDOWS\System32\WindowsPowerShell\v1.0\;C:\WINDOWS\System32\OpenSSH\;C:\Program Files (x86)\nodejs\;C:\Program Files\Git\cmd;C:\Program Files\Java\jdk-1.8\bin;C:\Program Files\apache-maven-3.9.3\bin;C:\Program Files\MySQL\MySQL Shell 8.0\bin\;C:\Users\saile\AppData\Local\Microsoft\WindowsApps;;C:\Users\saile\AppData\Local\Programs\Microsoft VS Code\bin;C:\Users\saile\AppData\Roaming\npm
USERNAME=saile
OS=Windows_NT
PROCESSOR_IDENTIFIER=Intel64 Family 6 Model 165 Stepping 2, GenuineIntel



---------------  S Y S T E M  ---------------

OS:
 Windows 11 , 64 bit Build 22621 (10.0.22621.1928)
OS uptime: 7 days 5:29 hours

CPU: total 16 (initial active 16) (8 cores per cpu, 2 threads per core) family 6 model 165 stepping 2 microcode 0xf4, cx8, cmov, fxsr, ht, mmx, 3dnowpref, sse, sse2, sse3, ssse3, sse4.1, sse4.2, popcnt, lzcnt, tsc, tscinvbit, avx, avx2, aes, erms, clmul, bmi1, bmi2, adx, fma, vzeroupper, clflush, clflushopt

Memory: 4k page, system-wide physical 7966M (716M free)
TotalPageFile size 28857M (AvailPageFile size 9M)
current process WorkingSet (physical memory assigned to process): 208M, peak: 217M
current process commit charge ("private bytes"): 283M, peak: 309M

vm_info: Java HotSpot(TM) 64-Bit Server VM (17.0.7+8-LTS-224) for windows-amd64 JRE (17.0.7+8-LTS-224), built on Feb 28 2023 23:03:02 by "mach5one" with MS VC++ 17.1 (VS2022)

END.
